Build started 26.06.2014 11:54:30.
     1>Project "C:\Users\Myriam\Documents\Cours\ComputationalSciences\ProjectI\MarsSiftGPU\SiftGPU\msvc\MarsImg\MarsImg.vcxproj" on node 2 (build target(s)).
     1>C:\Program Files (x86)\MSBuild\Microsoft.Cpp\v4.0\Microsoft.CppBuild.targets(299,5): warning MSB8004: Output Directory does not end with a trailing slash.  This build instance will add the slash as it is required to allow proper evaluation of the Output Directory.
     1>InitializeBuildStatus:
         Touching "Release\MarsImg.unsuccessfulbuild".
       ClCompile:
         All outputs are up-to-date.
         C:\Program Files (x86)\Microsoft Visual Studio 10.0\VC\bin\CL.exe /c /IC:\Users\Myriam\Documents\Cours\ComputationalSciences\ProjectI\MarsSiftGPU\SiftGPU\src\SiftGPU /Zi /nologo /W3 /WX- /O2 /Oi /Oy- /GL /D WIN32 /D NDEBUG /D _CONSOLE /D _MBCS /Gm- /EHsc /MD /GS /Gy /fp:precise /Zc:wchar_t /Zc:forScope /Fo"Release\\" /Fd"Release\vc100.pdb" /Gd /TP /analyze- /errorReport:prompt MarsImg.cpp
         MarsImg.cpp
     1>MarsImg.cpp(188): warning C4244: 'initializing' : conversion from 'double' to 'float', possible loss of data
     1>MarsImg.cpp(188): warning C4244: 'initializing' : conversion from 'double' to 'float', possible loss of data
     1>MarsImg.cpp(253): warning C4244: 'initializing' : conversion from 'double' to 'float', possible loss of data
     1>MarsImg.cpp(253): warning C4244: 'initializing' : conversion from 'double' to 'float', possible loss of data
     1>MarsImg.cpp(285): warning C4018: '<' : signed/unsigned mismatch
     1>MarsImg.cpp(286): warning C4018: '<' : signed/unsigned mismatch
       Link:
         C:\Program Files (x86)\Microsoft Visual Studio 10.0\VC\bin\link.exe /ERRORREPORT:PROMPT /OUT:"..\..\bin\MarsImg.exe" /INCREMENTAL:NO /NOLOGO /LIBPATH:C:\Users\Myriam\Documents\Cours\ComputationalSciences\ProjectI\MarsSiftGPU\SiftGPU\lib kernel32.lib user32.lib gdi32.lib winspool.lib comdlg32.lib advapi32.lib shell32.lib ole32.lib oleaut32.lib uuid.lib odbc32.lib odbccp32.lib /MANIFEST /ManifestFile:"Release\MarsImg.exe.intermediate.manifest" /MANIFESTUAC:"level='asInvoker' uiAccess='false'" /DEBUG /PDB:"C:\Users\Myriam\Documents\Cours\ComputationalSciences\ProjectI\MarsSiftGPU\SiftGPU\bin\MarsImg.pdb" /SUBSYSTEM:CONSOLE /OPT:REF /OPT:ICF /LTCG /TLBID:1 /DYNAMICBASE /NXCOMPAT /IMPLIB:"..\..\bin\MarsImg.lib" /MACHINE:X86 Release\MarsImg.obj
         Release\stdafx.obj
         Generating code
         Finished generating code
         MarsImg.vcxproj -> C:\Users\Myriam\Documents\Cours\ComputationalSciences\ProjectI\MarsSiftGPU\SiftGPU\msvc\MarsImg\..\..\bin\MarsImg.exe
       Manifest:
         C:\Program Files (x86)\Microsoft SDKs\Windows\v7.0A\bin\mt.exe /nologo /verbose /outputresource:"..\..\bin\MarsImg.exe;#1" /manifest Release\MarsImg.exe.intermediate.manifest
       FinalizeBuildStatus:
         Deleting file "Release\MarsImg.unsuccessfulbuild".
         Touching "Release\MarsImg.lastbuildstate".
     1>Done Building Project "C:\Users\Myriam\Documents\Cours\ComputationalSciences\ProjectI\MarsSiftGPU\SiftGPU\msvc\MarsImg\MarsImg.vcxproj" (build target(s)).

Build succeeded.

Time Elapsed 00:00:03.55
