Build started 26.06.2014 11:49:24.
     1>Project "C:\Users\Myriam\Documents\Cours\ComputationalSciences\ProjectI\MarsSiftGPU\SiftGPU\msvc\MarsImg\MarsImg.vcxproj" on node 2 (build target(s)).
     1>C:\Program Files (x86)\MSBuild\Microsoft.Cpp\v4.0\Microsoft.CppBuild.targets(299,5): warning MSB8004: Output Directory does not end with a trailing slash.  This build instance will add the slash as it is required to allow proper evaluation of the Output Directory.
     1>InitializeBuildStatus:
         Creating "Debug\MarsImg.unsuccessfulbuild" because "AlwaysCreate" was specified.
       ClCompile:
         C:\Program Files (x86)\Microsoft Visual Studio 10.0\VC\bin\CL.exe /c /IC:\Users\Myriam\Documents\Cours\ComputationalSciences\ProjectI\MarsSiftGPU\SiftGPU\src\SiftGPU /ZI /nologo /W3 /WX- /Od /Oy- /D WIN32 /D _DEBUG /D _CONSOLE /D _MBCS /Gm /EHsc /RTC1 /MDd /GS /fp:precise /Zc:wchar_t /Zc:forScope /Yc"StdAfx.h" /Fp"Debug\MarsImg.pch" /Fo"Debug\\" /Fd"Debug\vc100.pdb" /Gd /TP /analyze- /errorReport:prompt stdafx.cpp
         stdafx.cpp
         C:\Program Files (x86)\Microsoft Visual Studio 10.0\VC\bin\CL.exe /c /IC:\Users\Myriam\Documents\Cours\ComputationalSciences\ProjectI\MarsSiftGPU\SiftGPU\src\SiftGPU /ZI /nologo /W3 /WX- /Od /Oy- /D WIN32 /D _DEBUG /D _CONSOLE /D _MBCS /Gm /EHsc /RTC1 /MDd /GS /fp:precise /Zc:wchar_t /Zc:forScope /Fo"Debug\\" /Fd"Debug\vc100.pdb" /Gd /TP /analyze- /errorReport:prompt MarsImg.cpp
         MarsImg.cpp
     1>c:\users\myriam\documents\cours\computationalsciences\projecti\marssiftgpu\siftgpu\msvc\marsimg\marsimg.cpp(188): warning C4244: 'initializing' : conversion from 'double' to 'float', possible loss of data
     1>c:\users\myriam\documents\cours\computationalsciences\projecti\marssiftgpu\siftgpu\msvc\marsimg\marsimg.cpp(188): warning C4244: 'initializing' : conversion from 'double' to 'float', possible loss of data
     1>c:\users\myriam\documents\cours\computationalsciences\projecti\marssiftgpu\siftgpu\msvc\marsimg\marsimg.cpp(253): warning C4244: 'initializing' : conversion from 'double' to 'float', possible loss of data
     1>c:\users\myriam\documents\cours\computationalsciences\projecti\marssiftgpu\siftgpu\msvc\marsimg\marsimg.cpp(253): warning C4244: 'initializing' : conversion from 'double' to 'float', possible loss of data
     1>c:\users\myriam\documents\cours\computationalsciences\projecti\marssiftgpu\siftgpu\msvc\marsimg\marsimg.cpp(285): warning C4018: '<' : signed/unsigned mismatch
     1>c:\users\myriam\documents\cours\computationalsciences\projecti\marssiftgpu\siftgpu\msvc\marsimg\marsimg.cpp(286): warning C4018: '<' : signed/unsigned mismatch
     1>c:\program files (x86)\microsoft visual studio 10.0\vc\include\xutility(2227): warning C4996: 'std::_Copy_impl': Function call with parameters that may be unsafe - this call relies on the caller to check that the passed values are correct. To disable this warning, use -D_SCL_SECURE_NO_WARNINGS. See documentation on how to use Visual C++ 'Checked Iterators'
                 c:\program files (x86)\microsoft visual studio 10.0\vc\include\xutility(2212) : see declaration of 'std::_Copy_impl'
                 c:\users\myriam\documents\cours\computationalsciences\projecti\marssiftgpu\siftgpu\msvc\marsimg\marsimg.cpp(156) : see reference to function template instantiation '_OutIt std::copy<std::_String_iterator<_Elem,_Traits,_Alloc>,char*>(_InIt,_InIt,_OutIt)' being compiled
                 with
                 [
                     _OutIt=char *,
                     _Elem=char,
                     _Traits=std::char_traits<char>,
                     _Alloc=std::allocator<char>,
                     _InIt=std::_String_iterator<char,std::char_traits<char>,std::allocator<char>>
                 ]
       ManifestResourceCompile:
         C:\Program Files (x86)\Microsoft SDKs\Windows\v7.0A\bin\rc.exe /nologo /fo"Debug\MarsImg.exe.embed.manifest.res" Debug\MarsImg_manifest.rc 
       Link:
         C:\Program Files (x86)\Microsoft Visual Studio 10.0\VC\bin\link.exe /ERRORREPORT:PROMPT /OUT:"..\..\bin\MarsImg.exe" /INCREMENTAL /NOLOGO /LIBPATH:C:\Users\Myriam\Documents\Cours\ComputationalSciences\ProjectI\MarsSiftGPU\SiftGPU\lib kernel32.lib user32.lib gdi32.lib winspool.lib comdlg32.lib advapi32.lib shell32.lib ole32.lib oleaut32.lib uuid.lib odbc32.lib odbccp32.lib /MANIFEST /ManifestFile:"Debug\MarsImg.exe.intermediate.manifest" /MANIFESTUAC:"level='asInvoker' uiAccess='false'" /DEBUG /PDB:"C:\Users\Myriam\Documents\Cours\ComputationalSciences\ProjectI\MarsSiftGPU\SiftGPU\bin\MarsImg.pdb" /SUBSYSTEM:CONSOLE /TLBID:1 /DYNAMICBASE /NXCOMPAT /IMPLIB:"..\..\bin\MarsImg.lib" /MACHINE:X86 Debug\MarsImg.exe.embed.manifest.res
         Debug\MarsImg.obj
         Debug\stdafx.obj
       Manifest:
         C:\Program Files (x86)\Microsoft SDKs\Windows\v7.0A\bin\mt.exe /nologo /verbose /out:"Debug\MarsImg.exe.embed.manifest" /manifest Debug\MarsImg.exe.intermediate.manifest
         C:\Program Files (x86)\Microsoft SDKs\Windows\v7.0A\bin\rc.exe /nologo /fo"Debug\MarsImg.exe.embed.manifest.res" Debug\MarsImg_manifest.rc 
       LinkEmbedManifest:
         C:\Program Files (x86)\Microsoft Visual Studio 10.0\VC\bin\link.exe /ERRORREPORT:PROMPT /OUT:"..\..\bin\MarsImg.exe" /INCREMENTAL /NOLOGO /LIBPATH:C:\Users\Myriam\Documents\Cours\ComputationalSciences\ProjectI\MarsSiftGPU\SiftGPU\lib kernel32.lib user32.lib gdi32.lib winspool.lib comdlg32.lib advapi32.lib shell32.lib ole32.lib oleaut32.lib uuid.lib odbc32.lib odbccp32.lib /MANIFEST /ManifestFile:"Debug\MarsImg.exe.intermediate.manifest" /MANIFESTUAC:"level='asInvoker' uiAccess='false'" /DEBUG /PDB:"C:\Users\Myriam\Documents\Cours\ComputationalSciences\ProjectI\MarsSiftGPU\SiftGPU\bin\MarsImg.pdb" /SUBSYSTEM:CONSOLE /TLBID:1 /DYNAMICBASE /NXCOMPAT /IMPLIB:"..\..\bin\MarsImg.lib" /MACHINE:X86 Debug\MarsImg.exe.embed.manifest.res
         Debug\MarsImg.obj
         Debug\stdafx.obj
         MarsImg.vcxproj -> C:\Users\Myriam\Documents\Cours\ComputationalSciences\ProjectI\MarsSiftGPU\SiftGPU\msvc\MarsImg\..\..\bin\MarsImg.exe
       FinalizeBuildStatus:
         Deleting file "Debug\MarsImg.unsuccessfulbuild".
         Touching "Debug\MarsImg.lastbuildstate".
     1>Done Building Project "C:\Users\Myriam\Documents\Cours\ComputationalSciences\ProjectI\MarsSiftGPU\SiftGPU\msvc\MarsImg\MarsImg.vcxproj" (build target(s)).

Build succeeded.

Time Elapsed 00:00:04.57
