Build started 26.06.2014 11:55:04.
     1>Project "C:\Users\Myriam\Documents\Cours\ComputationalSciences\ProjectI\MarsSiftGPU\SiftGPU\msvc\ServerSiftGPU\SiftGPU_Server.vcxproj" on node 5 (build target(s)).
     1>InitializeBuildStatus:
         Creating "Release\SiftGPU_Server.unsuccessfulbuild" because "AlwaysCreate" was specified.
       ClCompile:
         C:\Program Files (x86)\Microsoft Visual Studio 10.0\VC\bin\CL.exe /c /I../../Include/ /Zi /nologo /W3 /WX- /O2 /Oy- /GL /D WIN32 /D NDEBUG /D _CONSOLE /D _CRT_SECURE_NO_WARNINGS /D _MBCS /Gm- /EHsc /MT /GS /fp:precise /Zc:wchar_t /Zc:forScope /Fo"Release\\" /Fd"Release\vc100.pdb" /Gd /TP /analyze- /errorReport:prompt ..\..\src\ServerSiftGPU\server.cpp
         server.cpp
     1>Project "C:\Users\Myriam\Documents\Cours\ComputationalSciences\ProjectI\MarsSiftGPU\SiftGPU\msvc\ServerSiftGPU\SiftGPU_Server.vcxproj" (1) is building "C:\Users\Myriam\Documents\Cours\ComputationalSciences\ProjectI\MarsSiftGPU\SiftGPU\msvc\SiftGPU\SiftGPU_CUDA_Enabled.vcxproj" (3:3) on node 7 (GetResolvedLinkLibs target(s)).
     3>PrepareForBuild:
         Creating directory ".\Debug_CUDA\".
     3>Done Building Project "C:\Users\Myriam\Documents\Cours\ComputationalSciences\ProjectI\MarsSiftGPU\SiftGPU\msvc\SiftGPU\SiftGPU_CUDA_Enabled.vcxproj" (GetResolvedLinkLibs target(s)).
     1>Link:
         C:\Program Files (x86)\Microsoft Visual Studio 10.0\VC\bin\link.exe /ERRORREPORT:PROMPT /OUT:"..\..\bin\server_siftgpu.exe" /INCREMENTAL:NO /NOLOGO /LIBPATH:../../lib siftgpu.lib kernel32.lib user32.lib gdi32.lib winspool.lib comdlg32.lib advapi32.lib shell32.lib ole32.lib oleaut32.lib uuid.lib odbc32.lib odbccp32.lib /MANIFEST /ManifestFile:"Release\server_siftgpu.exe.intermediate.manifest" /MANIFESTUAC:"level='asInvoker' uiAccess='false'" /DEBUG /PDB:"C:\Users\Myriam\Documents\Cours\ComputationalSciences\ProjectI\MarsSiftGPU\SiftGPU\bin\server_siftgpu.pdb" /SUBSYSTEM:CONSOLE /OPT:REF /OPT:ICF /LTCG /TLBID:1 /DYNAMICBASE /NXCOMPAT /IMPLIB:"..\..\bin\server_siftgpu.lib" /MACHINE:X86 Release\server.obj
         Generating code
         Finished generating code
         SiftGPU_Server.vcxproj -> C:\Users\Myriam\Documents\Cours\ComputationalSciences\ProjectI\MarsSiftGPU\SiftGPU\msvc\ServerSiftGPU\..\..\bin\server_siftgpu.exe
       Manifest:
         C:\Program Files (x86)\Microsoft SDKs\Windows\v7.0A\bin\mt.exe /nologo /verbose /outputresource:"..\..\bin\server_siftgpu.exe;#1" /manifest Release\server_siftgpu.exe.intermediate.manifest
       FinalizeBuildStatus:
         Deleting file "Release\SiftGPU_Server.unsuccessfulbuild".
         Touching "Release\SiftGPU_Server.lastbuildstate".
     1>Done Building Project "C:\Users\Myriam\Documents\Cours\ComputationalSciences\ProjectI\MarsSiftGPU\SiftGPU\msvc\ServerSiftGPU\SiftGPU_Server.vcxproj" (build target(s)).

Build succeeded.

Time Elapsed 00:00:03.10
